Arguments: 
  /usr/local/bin/node /usr/local/bin/yarn

PATH: 
  /usr/local/bin:/usr/bin:/bin:/usr/sbin:/sbin:/usr/local/apache-maven-3.6.3/bin

Yarn version: 
  1.22.10

Node version: 
  10.16.0

Platform: 
  darwin x64

Trace: 
  Error: EINVAL: invalid argument, unlink '/Users/zoujun/Desktop/ali/yundeng-material/node_modules/extglob/node_modules/define-property'

npm manifest: 
  {
    "name": "yundeng-material",
    "version": "1.0.0",
    "description": "云灯总集物料官网",
    "main": "index.js",
    "scripts": {
      "start": "webpack serve --config build/webpack.config.js"
    },
    "keywords": [
      "物料",
      "yundeng"
    ],
    "author": "",
    "license": "ISC",
    "devDependencies": {
      "chalk": "^4.1.0",
      "node-cmd": "^4.0.0",
      "npmlog": "^4.1.2",
      "webpack": "^5.10.1",
      "webpack-cli": "^4.2.0",
      "webpack-dev-server": "^3.11.0"
    }
  }

yarn manifest: 
  No manifest

Lockfile: 
  No lockfile
